<?xml version="1.0" encoding="UTF-8"?>
<testsuite xmlns:xsi="http://www.w3.org/2001/XMLSchema-instance" xsi:noNamespaceSchemaLocation="https://maven.apache.org/surefire/maven-surefire-plugin/xsd/surefire-test-report-3.0.xsd" version="3.0" name="edu.escuelaing.arep.AppTest" time="0.079" tests="5" errors="0" skipped="0" failures="0">
  <properties>
[...]
</properties>
  <testcase name="testLoadStaticFile" classname="edu.escuelaing.arep.AppTest" time="0.037">
    <system-out><![CDATA[Static files location set to: src/main/java/edu/escuelaing/arep/resources/
Ready to receive on port 8080...
Request line: GET /index.html HTTP/1.1
Header: User-Agent: Java/21.0.1
Header: Host: localhost:8080
Header: Accept: */*
Header: Connection: keep-alive
Request line: GET /index.html HTTP/1.1
Header: User-Agent: Java/21.0.1
Header: Host: localhost:8080
Header: Accept: */*
Header: Connection: keep-alive
]]></system-out>
  </testcase>
  <testcase name="testPostRequest" classname="edu.escuelaing.arep.AppTest" time="0.003">
    <system-out><![CDATA[Request line: POST /app/hellopost?name=Maria%20Jose HTTP/1.1
Header: User-Agent: Java/21.0.1
Header: Host: localhost:8080
Header: Accept: */*
Header: Connection: keep-alive
]]></system-out>
  </testcase>
  <testcase name="testInvalidRequest" classname="edu.escuelaing.arep.AppTest" time="0.002">
    <system-out><![CDATA[Request line: GET /nonexistentfile.html HTTP/1.1
Header: User-Agent: Java/21.0.1
Header: Host: localhost:8080
Header: Accept: */*
Header: Connection: keep-alive
]]></system-out>
  </testcase>
  <testcase name="testHelloServiceResponse" classname="edu.escuelaing.arep.AppTest" time="0.006">
    <system-out><![CDATA[Request line: GET /app/hello?name=World HTTP/1.1
Header: User-Agent: Java/21.0.1
Header: Host: localhost:8080
Header: Accept: */*
Header: Connection: keep-alive
World
]]></system-out>
  </testcase>
  <testcase name="testMultipleConnections" classname="edu.escuelaing.arep.AppTest" time="0.015">
    <system-out><![CDATA[Request line: GET /index.html HTTP/1.1
Request line: GET /index.html HTTP/1.1
Header: User-Agent: Java/21.0.1
Header: User-Agent: Java/21.0.1
Header: Host: localhost:8080
Header: Accept: */*
Header: Connection: keep-alive
Header: Host: localhost:8080
Header: Accept: */*
Header: Connection: keep-alive
Request line: GET /index.html HTTP/1.1
Header: User-Agent: Java/21.0.1
Header: Host: localhost:8080
Header: Accept: */*
Header: Connection: keep-alive
Request line: GET /index.html HTTP/1.1
Header: User-Agent: Java/21.0.1
Header: Host: localhost:8080
Request line: GET /index.html HTTP/1.1
Header: Accept: */*
Header: Connection: keep-alive
Header: User-Agent: Java/21.0.1
Header: Host: localhost:8080
Header: Accept: */*
Header: Connection: keep-alive
]]></system-out>
  </testcase>
</testsuite>